Obiekt 1 Zawartośc: 0
Obiekt 1 Zawartośc: 100
Obiekt 1 Zawartośc: 100
Obiekt 1 Zawartośc: 100
Obiekt 1 Zawartośc: 100
Obiekt 2 Zawartośc: 200
Obiekt 1 Zawartośc: 100 Utworzony: 1618224584
Obiekt 2 Zawartośc: 200 Utworzony: 1618224584
Obiekt 1 Zawartośc: 100 Utworzony: 12:54:40
Obiekt 2 Zawartośc: 200 Utworzony: 12:54:40
Obiekt 1 Zawartośc: 100 Utworzony: 12:56:49
Obiekt 2 Zawartośc: 200 Utworzony: 12:56:54
Obiekt 1 Zawartośc: 100 Utworzony: 13:2:52Obiekt 1 Zawartośc: 100 Utworzony: 13:2:52Obiekt 2 Zawartośc: 200 Utworzony: 13:2:56Obiekt 2 Zawartośc: 200 Utworzony: 13:2:56 Usuniety: 13:2:56
Obiekt 2 Zawartośc: 200 Utworzony: 13:2:56 Usuniety: 13:2:56
Obiekt 1 Zawartośc: 100 Utworzony: 13:2:56Obiekt 1 Zawartośc: 100 Utworzony: 13:3:19Obiekt 1 Zawartośc: 100 Utworzony: 13:3:19Obiekt 2 Zawartośc: 200 Utworzony: 13:4:21Obiekt 2 Zawartośc: 200 Utworzony: 13:4:21 Usuniety: 13:4:21
Obiekt 2 Zawartośc: 200 Utworzony: 13:4:21 Usuniety: 13:4:21
Obiekt 1 Zawartośc: 100 Utworzony: 13:4:21Obiekt 1 Zawartośc: 100 Utworzony: 13:4:27Obiekt 2 Zawartośc: 200 Utworzony: 13:4:30 Usuniety: 13:4:30
 Usuniety: 13:4:30
Obiekt 1 Zawartośc: 100
 Utworzony: 13:5:26
Obiekt 2 Zawartośc: 200
 Utworzony: 13:5:34
 Usuniety: 13:5:34
 Usuniety: 13:5:34
Obiekt 1 Zawartośc: 100
 Utworzony: 13:6:18
Obiekt 2 Zawartośc: 200
 Utworzony: 13:6:21
Obiekt 2 Zawartośc: 200
 Usuniety: 13:6:21
Obiekt 1 Zawartośc: 100
 Usuniety: 13:6:21
Obiekt 1 Zawartośc: 100 Utworzony: 13:7:23
Obiekt 2 Zawartośc: 200 Utworzony: 13:7:26
Obiekt 2 Zawartośc: 200 Usuniety: 13:7:26
Obiekt 1 Zawartośc: 100 Usuniety: 13:7:26
Obiekt 1 Zawartośc: 100 Utworzony: 13:21:6 Po 2
Obiekt 2 Zawartośc: 200 Utworzony: 13:21:8 Po 4
Obirkt 1 Zawartośc zmieniona z 100 na 200 Czas: ........
Obiekt 2 Zawartośc: 200 Usuniety: 13:21:9 Po 5
Obiekt 1 Zawartośc: 100 Usuniety: 13:21:9 Po 5
Obiekt 1 Zawartośc: 100 Utworzony: 13:21:55 Po 1 s.
Obiekt 2 Zawartośc: 200 Utworzony: 13:21:56 Po 2 s.
Obiekt 2 Zawartośc: 200 Usuniety: 13:21:57 Po 3s. 
Obiekt 1 Zawartośc: 100 Usuniety: 13:21:57 Po 3s. 
